[2013-11-06 20:15:40] START
[2013-11-06 20:15:40] EDIT project/models/tables.py: 22
[2013-11-06 20:19:05] EDIT project/models/tables.py: 12
[2013-11-06 20:44:47] EDIT project/views/default/index.html: -2
[2013-11-06 20:49:07] EDIT project/views/default/index.html: -14
[2013-11-06 20:50:56] EDIT project/models/tables.py: 0
[2013-11-06 20:51:44] EDIT project/views/default/index.html: -3
[2013-11-06 20:52:32] EDIT project/views/default/index.html: 0
[2013-11-06 20:53:03] EDIT project/views/default/index.html: -2
[2013-11-06 20:53:42] EDIT project/views/default/index.html: 0
[2013-11-06 20:55:09] EDIT project/views/default/index.html: 0
[2013-11-06 20:55:50] CREATE browse.html: 0
[2013-11-06 20:57:53] EDIT project/views/browse.html: 2
[2013-11-06 20:58:13] CREATE subscriptions.html: 0
[2013-11-06 20:59:47] EDIT project/views/subscriptions.html: 2
[2013-11-06 21:00:02] CREATE updates.html: 0
[2013-11-06 21:02:53] EDIT project/views/updates.html: 5
[2013-11-06 21:05:08] EDIT project/controllers/default.py: 6
[2013-11-06 21:05:37] EDIT project/controllers/default.py: 0
[2013-11-06 21:05:48] EDIT project/controllers/default.py: 0
[2013-11-06 21:09:18] EDIT project/controllers/default.py: 1
[2013-11-06 21:10:06] EDIT project/views/default/index.html: 5
[2013-11-06 21:10:44] EDIT project/controllers/default.py: -1
[2013-11-06 21:10:54] EDIT project/views/default/browse.html: 8
[2013-11-06 21:11:00] EDIT project/views/default/subscriptions.html: 8
[2013-11-06 21:11:06] EDIT project/views/default/updates.html: 8
[2013-11-06 21:11:34] EDIT project/views/default/index.html: -5
[2013-11-06 21:12:08] EDIT project/views/default/browse.html: 1
[2013-11-06 21:12:14] EDIT project/views/default/subscriptions.html: 1
[2013-11-06 21:12:17] EDIT project/views/default/updates.html: 1
[2013-11-06 21:12:26] EDIT project/views/default/updates.html: 0
[2013-11-06 21:13:32] EDIT project/views/default/browse.html: -9
[2013-11-06 21:13:40] EDIT project/views/default/subscriptions.html: -9
[2013-11-06 21:13:46] EDIT project/views/default/updates.html: -9
[2013-11-06 21:14:07] EDIT project/views/default/index.html: 0
[2013-11-06 21:14:22] EDIT project/views/default/index.html: 0
[2013-11-06 21:14:35] EDIT project/views/default/index.html: 0
[2013-11-06 21:15:18] EDIT project/controllers/default.py: -8
[2013-11-06 21:15:43] EDIT project/controllers/default.py: 2
[2013-11-06 21:15:52] EDIT project/controllers/default.py: -1
[2013-11-06 21:16:03] EDIT project/controllers/default.py: -1
[2013-11-06 21:16:11] EDIT project/controllers/default.py: 0
[2013-11-06 21:16:21] EDIT project/views/default/index.html: 0
[2013-11-06 21:16:35] EDIT project/views/default/index.html: 0
[2013-11-06 21:16:46] EDIT project/controllers/default.py: 0
[2013-11-06 21:17:22] EDIT project/views/default/index.html: 0
[2013-11-06 21:17:43] EDIT project/controllers/default.py: 0
[2013-11-06 21:18:18] EDIT project/views/default/updates.html: 9
[2013-11-06 21:18:20] EDIT project/views/default/subscriptions.html: 9
[2013-11-06 21:18:20] EDIT project/views/default/browse.html: 9
[2013-11-21 16:03:53] CREATE default/thread.html: 0
[2013-11-21 19:41:09] EDIT project/controllers/default.py: 16
[2013-11-21 19:41:55] EDIT project/controllers/default.py: 0
[2013-11-21 19:46:10] EDIT project/controllers/default.py: 6
[2013-11-21 19:48:55] EDIT project/controllers/default.py: 3
[2013-11-21 19:49:12] EDIT project/controllers/default.py: 0
[2013-11-21 19:49:22] EDIT project/controllers/default.py: 0
[2013-11-21 19:49:50] EDIT project/controllers/default.py: 0
[2013-11-21 19:50:03] EDIT project/controllers/default.py: 0
[2013-11-21 19:50:37] EDIT project/controllers/default.py: 0
[2013-11-21 19:55:31] EDIT project/controllers/default.py: 0
[2013-11-21 20:16:18] EDIT project/views/default/thread.html: 8
[2013-11-21 20:16:20] EDIT project/views/default/index.html: 0
[2013-11-21 20:16:29] EDIT project/controllers/default.py: 0
[2013-11-21 20:17:02] EDIT project/controllers/default.py: 0
[2013-11-21 20:18:59] EDIT project/controllers/default.py: 1
[2013-11-21 20:22:11] EDIT project/controllers/default.py: 1
[2013-11-21 20:22:18] EDIT project/views/default/thread.html: 1
[2013-11-21 20:22:32] EDIT project/controllers/default.py: 0
[2013-11-21 20:22:53] EDIT project/controllers/default.py: 0
[2013-11-21 20:23:11] EDIT project/controllers/default.py: 0
[2013-11-21 20:25:11] EDIT project/controllers/default.py: 0
[2013-11-21 20:26:00] EDIT project/controllers/default.py: 1
[2013-11-21 20:26:14] EDIT project/controllers/default.py: 0
[2013-11-21 20:43:18] EDIT project/controllers/default.py: -2
[2013-11-21 20:43:27] EDIT project/controllers/default.py: 0
[2013-11-21 20:43:32] EDIT project/controllers/default.py: 0
[2013-11-21 20:46:11] EDIT project/controllers/default.py: 1
[2013-11-21 20:49:02] EDIT project/controllers/default.py: 1
[2013-11-21 20:50:16] EDIT project/controllers/default.py: -2
[2013-11-21 20:51:49] EDIT project/controllers/default.py: 1
[2013-11-21 20:52:04] EDIT project/controllers/default.py: 0
[2013-11-21 20:53:18] EDIT project/controllers/default.py: 0
[2013-11-21 20:54:36] EDIT project/controllers/default.py: 1
[2013-11-21 20:54:49] EDIT project/controllers/default.py: 0
[2013-11-21 20:55:50] EDIT project/controllers/default.py: -1
[2013-11-21 20:59:12] EDIT project/models/tables.py: 0
[2013-11-21 20:59:34] EDIT project/models/tables.py: 0
[2013-11-21 21:00:20] EDIT project/models/tables.py: 0
[2013-11-21 21:20:52] EDIT project/models/tables.py: 0
[2013-11-21 21:21:11] EDIT project/controllers/default.py: 1
[2013-11-21 21:22:34] EDIT project/models/tables.py: 0
[2013-11-21 21:23:06] EDIT project/models/tables.py: 0
[2013-11-21 21:23:54] EDIT project/controllers/default.py: -10
[2013-11-21 21:28:54] EDIT project/controllers/default.py: -1
[2013-11-21 21:34:51] EDIT project/controllers/default.py: 0
[2013-11-21 21:36:38] EDIT project/controllers/default.py: 10
[2013-11-21 21:37:23] EDIT project/models/tables.py: 0
[2013-11-21 21:37:34] EDIT project/models/tables.py: 0
[2013-11-21 21:37:53] EDIT project/models/tables.py: 1
[2013-11-21 21:38:08] EDIT project/models/tables.py: 0
[2013-11-21 21:38:51] EDIT project/controllers/default.py: 1
[2013-11-21 21:39:18] EDIT project/controllers/default.py: -1
[2013-11-21 21:40:09] EDIT project/controllers/default.py: 0
[2013-11-21 21:40:27] EDIT project/controllers/default.py: 0
[2013-11-21 21:41:35] EDIT project/controllers/default.py: 0
[2013-11-21 21:48:21] EDIT project/views/default/thread.html: 8
[2013-11-21 21:48:42] EDIT project/views/default/thread.html: 1
[2013-11-21 21:49:23] EDIT project/controllers/default.py: 0
[2013-11-21 21:49:44] EDIT project/views/default/thread.html: 1
[2013-11-21 21:50:11] EDIT project/views/default/thread.html: 0
[2013-11-21 21:50:34] EDIT project/views/default/thread.html: 0
[2013-11-21 21:51:10] EDIT project/views/default/thread.html: 4
[2013-11-21 21:51:22] EDIT project/views/default/thread.html: 0
[2013-11-21 21:52:11] EDIT project/views/default/thread.html: -1
[2013-11-21 21:52:21] EDIT project/views/default/thread.html: 0
[2013-11-21 21:53:35] EDIT project/views/default/thread.html: 1
[2013-11-21 21:54:01] EDIT project/views/default/thread.html: -1
[2013-11-21 21:54:18] EDIT project/views/default/thread.html: 0
[2013-11-21 21:54:56] EDIT project/views/default/thread.html: 2
[2013-11-21 21:55:07] EDIT project/views/default/thread.html: 0
[2013-11-21 21:57:20] EDIT project/views/layout.html: 6
[2013-11-21 21:57:21] EDIT project/views/default/thread.html: -10
[2013-11-21 21:57:57] EDIT project/views/layout.html: 1
[2013-11-21 21:57:59] EDIT project/views/default/thread.html: 0
[2013-11-21 21:59:05] EDIT project/views/default/thread.html: 0
[2013-11-21 22:01:47] EDIT project/views/default/thread.html: 1
[2013-11-21 22:06:35] EDIT project/views/default/thread.html: 2
[2013-11-21 22:48:20] EDIT project/controllers/default.py: 9
[2013-11-21 22:50:56] EDIT project/controllers/default.py: 0
[2013-11-21 22:51:26] EDIT project/controllers/default.py: 0
[2013-11-21 22:52:14] EDIT project/controllers/default.py: -1
[2013-11-21 22:52:53] EDIT project/controllers/default.py: 1
[2013-11-21 22:53:10] EDIT project/controllers/default.py: 0
[2013-11-21 22:53:14] EDIT project/controllers/default.py: 0
[2013-11-21 22:54:08] EDIT project/controllers/default.py: 3
[2013-11-21 22:54:50] EDIT project/controllers/default.py: 0
[2013-11-21 22:55:12] EDIT project/controllers/default.py: 0
[2013-11-21 22:55:34] EDIT project/controllers/default.py: 0
[2013-11-21 22:56:14] EDIT project/controllers/default.py: 0
[2013-11-21 22:56:58] EDIT project/controllers/default.py: -1
[2013-11-21 22:57:37] EDIT project/controllers/default.py: 0
[2013-11-21 22:57:54] EDIT project/controllers/default.py: 0
[2013-11-21 22:58:13] EDIT project/controllers/default.py: 0
[2013-11-21 22:58:33] EDIT project/controllers/default.py: 0
[2013-11-21 22:58:47] EDIT project/controllers/default.py: 0
[2013-11-21 22:59:53] EDIT project/controllers/default.py: 0
[2013-11-21 23:01:29] EDIT project/controllers/default.py: 0
[2013-11-21 23:01:58] EDIT project/controllers/default.py: 0
[2013-11-21 23:02:17] EDIT project/controllers/default.py: 0
[2013-11-21 23:03:01] EDIT project/controllers/default.py: 0
[2013-11-21 23:03:10] EDIT project/controllers/default.py: 0
[2013-11-21 23:03:22] EDIT project/controllers/default.py: 0
[2013-11-21 23:03:32] EDIT project/controllers/default.py: 0
[2013-11-21 23:03:52] EDIT project/controllers/default.py: 0
[2013-11-21 23:06:30] EDIT project/controllers/default.py: 0
[2013-11-21 23:06:42] EDIT project/controllers/default.py: 0
[2013-11-21 23:09:14] EDIT project/controllers/default.py: 5
[2013-11-21 23:10:04] EDIT project/controllers/default.py: 0
[2013-11-21 23:11:50] EDIT project/views/default/thread.html: -1
[2013-11-21 23:12:08] EDIT project/controllers/default.py: 1
[2013-11-21 23:12:38] EDIT project/controllers/default.py: 0
[2013-11-21 23:12:50] EDIT project/views/default/thread.html: -2
[2013-11-21 23:13:13] EDIT project/views/default/thread.html: 0
[2013-11-21 23:14:28] EDIT project/controllers/default.py: 0
[2013-11-21 23:15:01] EDIT project/controllers/default.py: -3
[2013-11-21 23:15:14] EDIT project/controllers/default.py: 0
[2013-11-21 23:15:45] EDIT project/controllers/default.py: 3
[2013-11-21 23:16:09] EDIT project/controllers/default.py: 0
[2013-11-21 23:16:37] EDIT project/controllers/default.py: 0
[2013-11-21 23:17:19] EDIT project/controllers/default.py: 0
[2013-11-21 23:19:10] EDIT project/controllers/default.py: 1
[2013-11-21 23:20:22] EDIT project/controllers/default.py: 0
[2013-11-21 23:22:18] EDIT project/controllers/default.py: 0
[2013-11-21 23:23:32] EDIT project/views/default/thread.html: -6
[2013-11-21 23:23:35] EDIT project/controllers/default.py: -1
[2013-11-21 23:31:46] EDIT project/views/layout.html: 8
[2013-11-21 23:32:09] EDIT project/views/default/browse.html: -8
[2013-11-21 23:33:16] EDIT project/views/layout.html: -8
[2013-11-21 23:33:29] EDIT project/views/default/browse.html: 8
[2013-11-21 23:34:28] EDIT project/views/default/browse.html: 0
[2013-11-21 23:34:33] EDIT project/views/default/thread.html: 0
[2013-11-21 23:34:44] EDIT project/views/default/subscriptions.html: 0
[2013-11-21 23:34:52] EDIT project/views/default/updates.html: 0
[2013-11-22 22:04:53] EDIT Project/models/db.py: 4
[2013-11-22 22:05:24] EDIT Project/models/db.py: 0
[2013-12-08 21:16:31] EDIT Kyatz/models/tables.py: 9
[2013-12-08 21:27:35] EDIT Kyatz/controllers/default.py: 7
[2013-12-08 21:27:56] EDIT Kyatz/controllers/default.py: 0
[2013-12-08 21:33:55] EDIT Kyatz/models/tables.py: 6
[2013-12-08 21:40:34] EDIT Kyatz/controllers/default.py: 10
